[debug] [2023-11-01T03:33:08.511Z] ----------------------------------------------------------------------
[debug] [2023-11-01T03:33:08.513Z] Command:       C:\Program Files\nodejs\node.exe C:\Users\SAYED ARIFUL ISLAM\AppData\Roaming\npm\node_modules\firebase-tools\lib\bin\firebase.js init
[debug] [2023-11-01T03:33:08.513Z] CLI Version:   12.7.0
[debug] [2023-11-01T03:33:08.514Z] Platform:      win32
[debug] [2023-11-01T03:33:08.514Z] Node Version:  v18.18.1
[debug] [2023-11-01T03:33:08.515Z] Time:          Wed Nov 01 2023 09:33:08 GMT+0600 (Bangladesh Standard Time)
[debug] [2023-11-01T03:33:08.515Z] ----------------------------------------------------------------------
[debug] 
[debug] [2023-11-01T03:33:08.523Z] > command requires scopes: ["email","openid","https://www.googleapis.com/auth/cloudplatformprojects.readonly","https://www.googleapis.com/auth/firebase","https://www.googleapis.com/auth/cloud-platform"]
[debug] [2023-11-01T03:33:08.523Z] > authorizing via signed-in user (sayedariful73@gmail.com)
[info] 
     ######## #### ########  ######## ########     ###     ######  ########
     ##        ##  ##     ## ##       ##     ##  ##   ##  ##       ##
     ######    ##  ########  ######   ########  #########  ######  ######
     ##        ##  ##    ##  ##       ##     ## ##     ##       ## ##
     ##       #### ##     ## ######## ########  ##     ##  ######  ########

You're about to initialize a Firebase project in this directory:

  D:\project\milestone-11-car-doctor-project\car-doctor\car-doctor-server-side

[info] 
=== Project Setup
[info] 
[info] First, let's associate this project directory with a Firebase project.
[info] You can create multiple project aliases by running firebase use --add, 
[info] but for now we'll just set up a default project.
[info] 
[debug] [2023-11-01T03:33:19.153Z] >>> [apiv2][query] GET https://firebase.googleapis.com/v1beta1/projects pageSize=100
[debug] [2023-11-01T03:33:20.138Z] <<< [apiv2][status] GET https://firebase.googleapis.com/v1beta1/projects 200
[debug] [2023-11-01T03:33:20.139Z] <<< [apiv2][body] GET https://firebase.googleapis.com/v1beta1/projects [omitted]
